<?xml version="1.0" encoding="UTF-8"?>
<coverage generated="1548266647092" clover="3.2.0">
  <project timestamp="1548266647092" name="All files">
    <metrics statements="68" coveredstatements="68" conditionals="27" coveredconditionals="27" methods="23" coveredmethods="23" elements="118" coveredelements="118" complexity="0" loc="68" ncloc="68" packages="1" files="4" classes="4">
      <file name="TaskState.ts" path="/Users/donald/Project/async-parallel-foreach/src/TaskState.ts">
        <metrics statements="26" coveredstatements="26" conditionals="11" coveredconditionals="11" methods="11" coveredmethods="11"/>
        <line num="3" count="2" type="stmt"/>
        <line num="5" count="70" type="cond" truecount="2" falsecount="0"/>
        <line num="6" count="16" type="stmt"/>
        <line num="8" count="54" type="stmt"/>
        <line num="9" count="54" type="cond" truecount="2" falsecount="0"/>
        <line num="10" count="52" type="stmt"/>
        <line num="12" count="54" type="cond" truecount="2" falsecount="0"/>
        <line num="13" count="3" type="stmt"/>
        <line num="18" count="70" type="stmt"/>
        <line num="20" count="70" type="stmt"/>
        <line num="22" count="70" type="stmt"/>
        <line num="24" count="70" type="stmt"/>
        <line num="26" count="70" type="stmt"/>
        <line num="28" count="70" type="stmt"/>
        <line num="30" count="70" type="stmt"/>
        <line num="33" count="10" type="stmt"/>
        <line num="37" count="19" type="stmt"/>
        <line num="41" count="13" type="stmt"/>
        <line num="45" count="2" type="stmt"/>
        <line num="49" count="70" type="cond" truecount="2" falsecount="0"/>
        <line num="53" count="51" type="cond" truecount="2" falsecount="0"/>
        <line num="54" count="8" type="stmt"/>
        <line num="56" count="43" type="stmt"/>
        <line num="61" count="121" type="stmt"/>
        <line num="65" count="70" type="stmt"/>
        <line num="69" count="70" type="stmt"/>
      </file>
      <file name="async-parallel-foreach.ts" path="/Users/donald/Project/async-parallel-foreach/src/async-parallel-foreach.ts">
        <metrics statements="39" coveredstatements="39" conditionals="16" coveredconditionals="16" methods="9" coveredmethods="9"/>
        <line num="1" count="2" type="stmt"/>
        <line num="2" count="2" type="stmt"/>
        <line num="3" count="2" type="stmt"/>
        <line num="5" count="2" type="stmt"/>
        <line num="14" count="22" type="stmt"/>
        <line num="16" count="22" type="cond" truecount="2" falsecount="0"/>
        <line num="18" count="22" type="cond" truecount="2" falsecount="0"/>
        <line num="19" count="7" type="stmt"/>
        <line num="22" count="22" type="cond" truecount="2" falsecount="0"/>
        <line num="24" count="22" type="stmt"/>
        <line num="26" count="22" type="stmt"/>
        <line num="29" count="70" type="stmt"/>
        <line num="31" count="70" type="stmt"/>
        <line num="33" count="70" type="stmt"/>
        <line num="36" count="70" type="stmt"/>
        <line num="37" count="121" type="stmt"/>
        <line num="38" count="121" type="stmt"/>
        <line num="39" count="121" type="stmt"/>
        <line num="40" count="51" type="stmt"/>
        <line num="42" count="70" type="stmt"/>
        <line num="43" count="70" type="cond" truecount="2" falsecount="0"/>
        <line num="44" count="51" type="stmt"/>
        <line num="46" count="19" type="stmt"/>
        <line num="47" count="19" type="stmt"/>
        <line num="51" count="70" type="stmt"/>
        <line num="53" count="70" type="cond" truecount="2" falsecount="0"/>
        <line num="54" count="51" type="stmt"/>
        <line num="56" count="19" type="stmt"/>
        <line num="58" count="70" type="stmt"/>
        <line num="59" count="70" type="stmt"/>
        <line num="60" count="70" type="cond" truecount="2" falsecount="0"/>
        <line num="61" count="22" type="stmt"/>
        <line num="69" count="2" type="cond" truecount="2" falsecount="0"/>
        <line num="70" count="2" type="stmt"/>
        <line num="71" count="1" type="stmt"/>
        <line num="72" count="4" type="stmt"/>
        <line num="76" count="2" type="stmt"/>
        <line num="77" count="1" type="stmt"/>
        <line num="79" count="4" type="stmt"/>
      </file>
      <file name="index.ts" path="/Users/donald/Project/async-parallel-foreach/src/index.ts">
        <metrics statements="1" coveredstatements="1" conditionals="0" coveredconditionals="0" methods="0" coveredmethods="0"/>
        <line num="1" count="2" type="stmt"/>
      </file>
      <file name="utils.ts" path="/Users/donald/Project/async-parallel-foreach/src/utils.ts">
        <metrics statements="2" coveredstatements="2" conditionals="0" coveredconditionals="0" methods="3" coveredmethods="3"/>
        <line num="1" count="2" type="stmt"/>
        <line num="2" count="51" type="stmt"/>
      </file>
    </metrics>
  </project>
</coverage>
