<?xml version="1.0" encoding="UTF-8"?>
<coverage generated="1548321608364" clover="3.2.0">
  <project timestamp="1548321608364" name="All files">
    <metrics statements="27" coveredstatements="27" conditionals="14" coveredconditionals="13" methods="11" coveredmethods="11" elements="52" coveredelements="51" complexity="0" loc="27" ncloc="27" packages="1" files="2" classes="2">
      <file name="async-parallel-foreach.ts" path="/Users/donald/Project/async-parallel-foreach/src/async-parallel-foreach.ts">
        <metrics statements="26" coveredstatements="26" conditionals="14" coveredconditionals="13" methods="11" coveredmethods="11"/>
        <line num="1" count="1" type="stmt"/>
        <line num="3" count="1" type="stmt"/>
        <line num="9" count="18" type="stmt"/>
        <line num="10" count="18" type="cond" truecount="2" falsecount="0"/>
        <line num="11" count="18" type="cond" truecount="2" falsecount="0"/>
        <line num="12" count="6" type="stmt"/>
        <line num="14" count="18" type="cond" truecount="2" falsecount="0"/>
        <line num="15" count="18" type="stmt"/>
        <line num="16" count="18" type="stmt"/>
        <line num="20" count="62" type="stmt"/>
        <line num="23" count="100" type="stmt"/>
        <line num="24" count="45" type="stmt"/>
        <line num="28" count="62" type="cond" truecount="2" falsecount="0"/>
        <line num="29" count="17" type="stmt"/>
        <line num="31" count="45" type="stmt"/>
        <line num="33" count="62" type="stmt"/>
        <line num="34" count="62" type="cond" truecount="2" falsecount="0"/>
        <line num="35" count="18" type="stmt"/>
        <line num="37" count="62" type="stmt"/>
        <line num="45" count="1" type="cond" truecount="2" falsecount="0"/>
        <line num="46" count="1" type="stmt"/>
        <line num="47" count="1" type="stmt"/>
        <line num="48" count="4" type="stmt"/>
        <line num="52" count="1" type="stmt"/>
        <line num="53" count="1" type="stmt"/>
        <line num="55" count="4" type="stmt"/>
      </file>
      <file name="index.ts" path="/Users/donald/Project/async-parallel-foreach/src/index.ts">
        <metrics statements="1" coveredstatements="1" conditionals="0" coveredconditionals="0" methods="0" coveredmethods="0"/>
        <line num="1" count="1" type="stmt"/>
      </file>
    </metrics>
  </project>
</coverage>
