{"/Users/donald/Project/async-parallel-foreach/src/async-parallel-foreach.ts": {"path":"/Users/donald/Project/async-parallel-foreach/src/async-parallel-foreach.ts","statementMap":{"0":{"start":{"line":1,"column":0},"end":{"line":1,"column":61}},"1":{"start":{"line":9,"column":2},"end":{"line":42,"column":4}},"2":{"start":{"line":10,"column":23},"end":{"line":10,"column":83}},"3":{"start":{"line":11,"column":4},"end":{"line":13,"column":5}},"4":{"start":{"line":12,"column":6},"end":{"line":12,"column":32}},"5":{"start":{"line":14,"column":25},"end":{"line":14,"column":54}},"6":{"start":{"line":15,"column":18},"end":{"line":15,"column":19}},"7":{"start":{"line":16,"column":4},"end":{"line":41,"column":5}},"8":{"start":{"line":20,"column":8},"end":{"line":39,"column":9}},"9":{"start":{"line":23,"column":12},"end":{"line":25,"column":30}},"10":{"start":{"line":24,"column":33},"end":{"line":24,"column":56}},"11":{"start":{"line":28,"column":12},"end":{"line":32,"column":13}},"12":{"start":{"line":29,"column":14},"end":{"line":29,"column":45}},"13":{"start":{"line":31,"column":14},"end":{"line":31,"column":48}},"14":{"start":{"line":33,"column":12},"end":{"line":33,"column":21}},"15":{"start":{"line":34,"column":12},"end":{"line":36,"column":13}},"16":{"start":{"line":35,"column":14},"end":{"line":35,"column":30}},"17":{"start":{"line":37,"column":12},"end":{"line":37,"column":22}},"18":{"start":{"line":3,"column":0},"end":{"line":43,"column":1}},"19":{"start":{"line":45,"column":0},"end":{"line":58,"column":1}},"20":{"start":{"line":47,"column":4},"end":{"line":49,"column":5}},"21":{"start":{"line":48,"column":6},"end":{"line":48,"column":68}},"22":{"start":{"line":46,"column":18},"end":{"line":50,"column":3}},"23":{"start":{"line":53,"column":4},"end":{"line":56,"column":5}},"24":{"start":{"line":55,"column":6},"end":{"line":55,"column":45}},"25":{"start":{"line":52,"column":18},"end":{"line":57,"column":3}}},"fnMap":{"0":{"name":"asyncParallelForEach","decl":{"start":{"line":3,"column":16},"end":{"line":3,"column":36}},"loc":{"start":{"line":7,"column":121},"end":{"line":43,"column":1}}},"1":{"name":"(anonymous_1)","decl":{"start":{"line":9,"column":21},"end":{"line":9,"column":22}},"loc":{"start":{"line":9,"column":33},"end":{"line":42,"column":3}}},"2":{"name":"(anonymous_2)","decl":{"start":{"line":19,"column":6},"end":{"line":19,"column":7}},"loc":{"start":{"line":19,"column":32},"end":{"line":40,"column":7}}},"3":{"name":"(anonymous_3)","decl":{"start":{"line":22,"column":10},"end":{"line":22,"column":11}},"loc":{"start":{"line":22,"column":23},"end":{"line":26,"column":11}}},"4":{"name":"(anonymous_4)","decl":{"start":{"line":24,"column":20},"end":{"line":24,"column":21}},"loc":{"start":{"line":24,"column":33},"end":{"line":24,"column":56}}},"5":{"name":"(anonymous_5)","decl":{"start":{"line":27,"column":10},"end":{"line":27,"column":11}},"loc":{"start":{"line":27,"column":26},"end":{"line":38,"column":11}}},"6":{"name":"(anonymous_6)","decl":{"start":{"line":45,"column":0},"end":{"line":45,"column":16}},"loc":{"start":{"line":45,"column":31},"end":{"line":58,"column":1}}},"7":{"name":"randomBetween","decl":{"start":{"line":46,"column":18},"end":{"line":46,"column":31}},"loc":{"start":{"line":46,"column":61},"end":{"line":50,"column":3}}},"8":{"name":"randomBackoff","decl":{"start":{"line":47,"column":20},"end":{"line":47,"column":33}},"loc":{"start":{"line":47,"column":33},"end":{"line":49,"column":5}}},"9":{"name":"exponential","decl":{"start":{"line":52,"column":18},"end":{"line":52,"column":29}},"loc":{"start":{"line":52,"column":29},"end":{"line":57,"column":3}}},"10":{"name":"exponentialBackoff","decl":{"start":{"line":53,"column":20},"end":{"line":53,"column":38}},"loc":{"start":{"line":53,"column":50},"end":{"line":56,"column":5}}}},"branchMap":{"0":{"loc":{"start":{"line":5,"column":26},"end":{"line":5,"column":27}},"type":"default-arg","locations":[{"start":{"line":5,"column":26},"end":{"line":5,"column":27}}]},"1":{"loc":{"start":{"line":7,"column":96},"end":{"line":7,"column":121}},"type":"default-arg","locations":[{"start":{"line":7,"column":96},"end":{"line":7,"column":121}}]},"2":{"loc":{"start":{"line":10,"column":45},"end":{"line":10,"column":56}},"type":"cond-expr","locations":[{"start":{"line":10,"column":45},"end":{"line":10,"column":56}},{"start":{"line":10,"column":59},"end":{"line":10,"column":83}}]},"3":{"loc":{"start":{"line":11,"column":4},"end":{"line":13,"column":5}},"type":"if","locations":[{"start":{"line":11,"column":4},"end":{"line":13,"column":5}},{"start":{"line":11,"column":4},"end":{"line":13,"column":5}}]},"4":{"loc":{"start":{"line":14,"column":47},"end":{"line":14,"column":49}},"type":"cond-expr","locations":[{"start":{"line":14,"column":47},"end":{"line":14,"column":49}},{"start":{"line":14,"column":52},"end":{"line":14,"column":54}}]},"5":{"loc":{"start":{"line":28,"column":12},"end":{"line":32,"column":13}},"type":"if","locations":[{"start":{"line":28,"column":12},"end":{"line":32,"column":13}},{"start":{"line":28,"column":12},"end":{"line":32,"column":13}}]},"6":{"loc":{"start":{"line":34,"column":12},"end":{"line":36,"column":13}},"type":"if","locations":[{"start":{"line":34,"column":12},"end":{"line":36,"column":13}},{"start":{"line":34,"column":12},"end":{"line":36,"column":13}}]},"7":{"loc":{"start":{"line":45,"column":17},"end":{"line":45,"column":31}},"type":"binary-expr","locations":[{"start":{"line":45,"column":17},"end":{"line":45,"column":31}},{"start":{"line":45,"column":17},"end":{"line":45,"column":31}}]}},"s":{"0":1,"1":18,"2":18,"3":18,"4":6,"5":18,"6":18,"7":18,"8":62,"9":100,"10":45,"11":62,"12":17,"13":45,"14":62,"15":62,"16":18,"17":62,"18":1,"19":1,"20":1,"21":4,"22":1,"23":1,"24":4,"25":1},"f":{"0":18,"1":18,"2":62,"3":100,"4":45,"5":62,"6":1,"7":1,"8":4,"9":1,"10":4},"b":{"0":[0],"1":[12],"2":[12,6],"3":[6,12],"4":[12,6],"5":[17,45],"6":[18,44],"7":[1,1]}}
,"/Users/donald/Project/async-parallel-foreach/src/index.ts": {"path":"/Users/donald/Project/async-parallel-foreach/src/index.ts","statementMap":{"0":{"start":{"line":1,"column":0},"end":{"line":1,"column":78}},"1":{"start":{"line":1,"column":9},"end":{"line":1,"column":29}},"2":{"start":{"line":1,"column":31},"end":{"line":1,"column":45}}},"fnMap":{},"branchMap":{},"s":{"0":1,"1":1,"2":1},"f":{},"b":{}}
}
