{"/Users/donald/Project/async-parallel-foreach/src/TaskState.ts": {"path":"/Users/donald/Project/async-parallel-foreach/src/TaskState.ts","statementMap":{"0":{"start":{"line":18,"column":10},"end":{"line":18,"column":32}},"1":{"start":{"line":20,"column":10},"end":{"line":20,"column":20}},"2":{"start":{"line":22,"column":19},"end":{"line":22,"column":52}},"3":{"start":{"line":24,"column":19},"end":{"line":24,"column":44}},"4":{"start":{"line":24,"column":40},"end":{"line":24,"column":44}},"5":{"start":{"line":26,"column":2},"end":{"line":26,"column":18}},"6":{"start":{"line":28,"column":2},"end":{"line":28,"column":29}},"7":{"start":{"line":30,"column":2},"end":{"line":30,"column":18}},"8":{"start":{"line":5,"column":4},"end":{"line":15,"column":5}},"9":{"start":{"line":6,"column":6},"end":{"line":6,"column":32}},"10":{"start":{"line":8,"column":6},"end":{"line":8,"column":38}},"11":{"start":{"line":9,"column":6},"end":{"line":11,"column":7}},"12":{"start":{"line":10,"column":8},"end":{"line":10,"column":45}},"13":{"start":{"line":12,"column":6},"end":{"line":14,"column":7}},"14":{"start":{"line":13,"column":8},"end":{"line":13,"column":51}},"15":{"start":{"line":33,"column":4},"end":{"line":33,"column":34}},"16":{"start":{"line":37,"column":4},"end":{"line":37,"column":43}},"17":{"start":{"line":41,"column":4},"end":{"line":41,"column":38}},"18":{"start":{"line":45,"column":4},"end":{"line":45,"column":28}},"19":{"start":{"line":49,"column":4},"end":{"line":49,"column":69}},"20":{"start":{"line":53,"column":4},"end":{"line":57,"column":5}},"21":{"start":{"line":54,"column":6},"end":{"line":54,"column":49}},"22":{"start":{"line":56,"column":6},"end":{"line":56,"column":26}},"23":{"start":{"line":61,"column":4},"end":{"line":61,"column":23}},"24":{"start":{"line":65,"column":4},"end":{"line":65,"column":32}},"25":{"start":{"line":69,"column":4},"end":{"line":69,"column":24}},"26":{"start":{"line":3,"column":0},"end":{"line":72,"column":1}}},"fnMap":{"0":{"name":"(anonymous_0)","decl":{"start":{"line":4,"column":2},"end":{"line":4,"column":14}},"loc":{"start":{"line":4,"column":20},"end":{"line":16,"column":3}}},"1":{"name":"(anonymous_1)","decl":{"start":{"line":24,"column":33},"end":{"line":24,"column":34}},"loc":{"start":{"line":24,"column":40},"end":{"line":24,"column":44}}},"2":{"name":"(anonymous_2)","decl":{"start":{"line":32,"column":2},"end":{"line":32,"column":13}},"loc":{"start":{"line":32,"column":14},"end":{"line":34,"column":3}}},"3":{"name":"(anonymous_3)","decl":{"start":{"line":36,"column":2},"end":{"line":36,"column":12}},"loc":{"start":{"line":36,"column":13},"end":{"line":38,"column":3}}},"4":{"name":"(anonymous_4)","decl":{"start":{"line":40,"column":2},"end":{"line":40,"column":12}},"loc":{"start":{"line":40,"column":13},"end":{"line":42,"column":3}}},"5":{"name":"(anonymous_5)","decl":{"start":{"line":44,"column":2},"end":{"line":44,"column":16}},"loc":{"start":{"line":44,"column":40},"end":{"line":46,"column":3}}},"6":{"name":"(anonymous_6)","decl":{"start":{"line":48,"column":2},"end":{"line":48,"column":13}},"loc":{"start":{"line":48,"column":28},"end":{"line":50,"column":3}}},"7":{"name":"(anonymous_7)","decl":{"start":{"line":52,"column":2},"end":{"line":52,"column":18}},"loc":{"start":{"line":52,"column":19},"end":{"line":58,"column":3}}},"8":{"name":"(anonymous_8)","decl":{"start":{"line":60,"column":2},"end":{"line":60,"column":5}},"loc":{"start":{"line":60,"column":6},"end":{"line":62,"column":3}}},"9":{"name":"(anonymous_9)","decl":{"start":{"line":64,"column":2},"end":{"line":64,"column":10}},"loc":{"start":{"line":64,"column":23},"end":{"line":66,"column":3}}},"10":{"name":"(anonymous_10)","decl":{"start":{"line":68,"column":2},"end":{"line":68,"column":8}},"loc":{"start":{"line":68,"column":9},"end":{"line":70,"column":3}}}},"branchMap":{"0":{"loc":{"start":{"line":5,"column":4},"end":{"line":15,"column":5}},"type":"if","locations":[{"start":{"line":5,"column":4},"end":{"line":15,"column":5}},{"start":{"line":5,"column":4},"end":{"line":15,"column":5}}]},"1":{"loc":{"start":{"line":9,"column":6},"end":{"line":11,"column":7}},"type":"if","locations":[{"start":{"line":9,"column":6},"end":{"line":11,"column":7}},{"start":{"line":9,"column":6},"end":{"line":11,"column":7}}]},"2":{"loc":{"start":{"line":12,"column":6},"end":{"line":14,"column":7}},"type":"if","locations":[{"start":{"line":12,"column":6},"end":{"line":14,"column":7}},{"start":{"line":12,"column":6},"end":{"line":14,"column":7}}]},"3":{"loc":{"start":{"line":44,"column":39},"end":{"line":44,"column":40}},"type":"default-arg","locations":[{"start":{"line":44,"column":39},"end":{"line":44,"column":40}}]},"4":{"loc":{"start":{"line":49,"column":11},"end":{"line":49,"column":34}},"type":"binary-expr","locations":[{"start":{"line":49,"column":11},"end":{"line":49,"column":34}},{"start":{"line":49,"column":38},"end":{"line":49,"column":69}}]},"5":{"loc":{"start":{"line":53,"column":4},"end":{"line":57,"column":5}},"type":"if","locations":[{"start":{"line":53,"column":4},"end":{"line":57,"column":5}},{"start":{"line":53,"column":4},"end":{"line":57,"column":5}}]}},"s":{"0":70,"1":70,"2":70,"3":70,"4":63,"5":70,"6":70,"7":70,"8":70,"9":16,"10":54,"11":54,"12":52,"13":54,"14":3,"15":10,"16":19,"17":13,"18":2,"19":70,"20":51,"21":8,"22":43,"23":121,"24":70,"25":70,"26":2},"f":{"0":70,"1":63,"2":10,"3":19,"4":13,"5":2,"6":70,"7":51,"8":121,"9":70,"10":70},"b":{"0":[16,54],"1":[52,2],"2":[3,51],"3":[1],"4":[70,70],"5":[8,43]}}
,"/Users/donald/Project/async-parallel-foreach/src/async-parallel-foreach.ts": {"path":"/Users/donald/Project/async-parallel-foreach/src/async-parallel-foreach.ts","statementMap":{"0":{"start":{"line":1,"column":0},"end":{"line":1,"column":34}},"1":{"start":{"line":2,"column":0},"end":{"line":2,"column":34}},"2":{"start":{"line":3,"column":0},"end":{"line":3,"column":30}},"3":{"start":{"line":14,"column":2},"end":{"line":66,"column":4}},"4":{"start":{"line":16,"column":23},"end":{"line":16,"column":83}},"5":{"start":{"line":18,"column":4},"end":{"line":20,"column":5}},"6":{"start":{"line":19,"column":6},"end":{"line":19,"column":32}},"7":{"start":{"line":22,"column":25},"end":{"line":22,"column":54}},"8":{"start":{"line":24,"column":18},"end":{"line":24,"column":19}},"9":{"start":{"line":26,"column":4},"end":{"line":64,"column":5}},"10":{"start":{"line":29,"column":38},"end":{"line":63,"column":7}},"11":{"start":{"line":31,"column":26},"end":{"line":31,"column":63}},"12":{"start":{"line":33,"column":19},"end":{"line":33,"column":24}},"13":{"start":{"line":36,"column":8},"end":{"line":50,"column":9}},"14":{"start":{"line":37,"column":10},"end":{"line":37,"column":26}},"15":{"start":{"line":38,"column":10},"end":{"line":49,"column":11}},"16":{"start":{"line":39,"column":12},"end":{"line":39,"column":75}},"17":{"start":{"line":40,"column":12},"end":{"line":40,"column":23}},"18":{"start":{"line":42,"column":12},"end":{"line":42,"column":36}},"19":{"start":{"line":43,"column":12},"end":{"line":48,"column":13}},"20":{"start":{"line":44,"column":14},"end":{"line":44,"column":56}},"21":{"start":{"line":46,"column":14},"end":{"line":46,"column":25}},"22":{"start":{"line":47,"column":14},"end":{"line":47,"column":25}},"23":{"start":{"line":51,"column":8},"end":{"line":51,"column":27}},"24":{"start":{"line":53,"column":8},"end":{"line":57,"column":9}},"25":{"start":{"line":54,"column":10},"end":{"line":54,"column":36}},"26":{"start":{"line":56,"column":10},"end":{"line":56,"column":36}},"27":{"start":{"line":58,"column":8},"end":{"line":58,"column":18}},"28":{"start":{"line":59,"column":8},"end":{"line":59,"column":17}},"29":{"start":{"line":60,"column":8},"end":{"line":62,"column":9}},"30":{"start":{"line":61,"column":10},"end":{"line":61,"column":26}},"31":{"start":{"line":5,"column":0},"end":{"line":67,"column":1}},"32":{"start":{"line":69,"column":0},"end":{"line":82,"column":1}},"33":{"start":{"line":71,"column":4},"end":{"line":73,"column":5}},"34":{"start":{"line":72,"column":6},"end":{"line":72,"column":68}},"35":{"start":{"line":70,"column":18},"end":{"line":74,"column":3}},"36":{"start":{"line":77,"column":4},"end":{"line":80,"column":5}},"37":{"start":{"line":79,"column":6},"end":{"line":79,"column":45}},"38":{"start":{"line":76,"column":18},"end":{"line":81,"column":3}}},"fnMap":{"0":{"name":"asyncParallelForEach","decl":{"start":{"line":5,"column":16},"end":{"line":5,"column":36}},"loc":{"start":{"line":12,"column":3},"end":{"line":67,"column":1}}},"1":{"name":"(anonymous_7)","decl":{"start":{"line":14,"column":21},"end":{"line":14,"column":22}},"loc":{"start":{"line":14,"column":33},"end":{"line":66,"column":3}}},"2":{"name":"(anonymous_8)","decl":{"start":{"line":29,"column":6},"end":{"line":29,"column":13}},"loc":{"start":{"line":29,"column":38},"end":{"line":63,"column":7}}},"3":{"name":"(anonymous_9)","decl":{"start":{"line":29,"column":38},"end":{"line":null,"column":-1}},"loc":{"start":{"line":29,"column":38},"end":{"line":63,"column":7}}},"4":{"name":"(anonymous_10)","decl":{"start":{"line":69,"column":0},"end":{"line":69,"column":16}},"loc":{"start":{"line":69,"column":31},"end":{"line":82,"column":1}}},"5":{"name":"randomBetween","decl":{"start":{"line":70,"column":18},"end":{"line":70,"column":31}},"loc":{"start":{"line":70,"column":61},"end":{"line":74,"column":3}}},"6":{"name":"randomBackoff","decl":{"start":{"line":71,"column":20},"end":{"line":71,"column":33}},"loc":{"start":{"line":71,"column":33},"end":{"line":73,"column":5}}},"7":{"name":"exponential","decl":{"start":{"line":76,"column":18},"end":{"line":76,"column":29}},"loc":{"start":{"line":76,"column":29},"end":{"line":81,"column":3}}},"8":{"name":"exponentialBackoff","decl":{"start":{"line":77,"column":20},"end":{"line":77,"column":38}},"loc":{"start":{"line":77,"column":50},"end":{"line":80,"column":5}}}},"branchMap":{"0":{"loc":{"start":{"line":7,"column":26},"end":{"line":7,"column":28}},"type":"default-arg","locations":[{"start":{"line":7,"column":26},"end":{"line":7,"column":28}}]},"1":{"loc":{"start":{"line":9,"column":138},"end":{"line":12,"column":3}},"type":"default-arg","locations":[{"start":{"line":9,"column":138},"end":{"line":12,"column":3}}]},"2":{"loc":{"start":{"line":16,"column":45},"end":{"line":16,"column":56}},"type":"cond-expr","locations":[{"start":{"line":16,"column":45},"end":{"line":16,"column":56}},{"start":{"line":16,"column":59},"end":{"line":16,"column":83}}]},"3":{"loc":{"start":{"line":18,"column":4},"end":{"line":20,"column":5}},"type":"if","locations":[{"start":{"line":18,"column":4},"end":{"line":20,"column":5}},{"start":{"line":18,"column":4},"end":{"line":20,"column":5}}]},"4":{"loc":{"start":{"line":22,"column":47},"end":{"line":22,"column":49}},"type":"cond-expr","locations":[{"start":{"line":22,"column":47},"end":{"line":22,"column":49}},{"start":{"line":22,"column":52},"end":{"line":22,"column":54}}]},"5":{"loc":{"start":{"line":43,"column":12},"end":{"line":48,"column":13}},"type":"if","locations":[{"start":{"line":43,"column":12},"end":{"line":48,"column":13}},{"start":{"line":43,"column":12},"end":{"line":48,"column":13}}]},"6":{"loc":{"start":{"line":53,"column":8},"end":{"line":57,"column":9}},"type":"if","locations":[{"start":{"line":53,"column":8},"end":{"line":57,"column":9}},{"start":{"line":53,"column":8},"end":{"line":57,"column":9}}]},"7":{"loc":{"start":{"line":60,"column":8},"end":{"line":62,"column":9}},"type":"if","locations":[{"start":{"line":60,"column":8},"end":{"line":62,"column":9}},{"start":{"line":60,"column":8},"end":{"line":62,"column":9}}]},"8":{"loc":{"start":{"line":69,"column":17},"end":{"line":69,"column":31}},"type":"binary-expr","locations":[{"start":{"line":69,"column":17},"end":{"line":69,"column":31}},{"start":{"line":69,"column":17},"end":{"line":69,"column":31}}]}},"s":{"0":2,"1":2,"2":2,"3":22,"4":22,"5":22,"6":7,"7":22,"8":22,"9":22,"10":70,"11":70,"12":70,"13":70,"14":121,"15":121,"16":121,"17":51,"18":70,"19":70,"20":51,"21":19,"22":19,"23":70,"24":70,"25":51,"26":19,"27":70,"28":70,"29":70,"30":22,"31":2,"32":2,"33":1,"34":4,"35":2,"36":1,"37":4,"38":2},"f":{"0":22,"1":22,"2":70,"3":70,"4":2,"5":1,"6":4,"7":1,"8":4},"b":{"0":[1],"1":[13],"2":[16,6],"3":[7,15],"4":[16,6],"5":[51,19],"6":[51,19],"7":[22,48],"8":[2,2]}}
,"/Users/donald/Project/async-parallel-foreach/src/index.ts": {"path":"/Users/donald/Project/async-parallel-foreach/src/index.ts","statementMap":{"0":{"start":{"line":1,"column":0},"end":{"line":1,"column":78}},"1":{"start":{"line":1,"column":9},"end":{"line":1,"column":29}},"2":{"start":{"line":1,"column":31},"end":{"line":1,"column":45}}},"fnMap":{},"branchMap":{},"s":{"0":2,"1":2,"2":2},"f":{},"b":{}}
,"/Users/donald/Project/async-parallel-foreach/src/utils.ts": {"path":"/Users/donald/Project/async-parallel-foreach/src/utils.ts","statementMap":{"0":{"start":{"line":2,"column":2},"end":{"line":2,"column":64}},"1":{"start":{"line":2,"column":32},"end":{"line":2,"column":63}},"2":{"start":{"line":2,"column":49},"end":{"line":2,"column":58}},"3":{"start":{"line":1,"column":0},"end":{"line":3,"column":1}}},"fnMap":{"0":{"name":"sleep","decl":{"start":{"line":1,"column":16},"end":{"line":1,"column":21}},"loc":{"start":{"line":1,"column":25},"end":{"line":3,"column":1}}},"1":{"name":"(anonymous_1)","decl":{"start":{"line":2,"column":21},"end":{"line":2,"column":27}},"loc":{"start":{"line":2,"column":32},"end":{"line":2,"column":63}}},"2":{"name":"(anonymous_2)","decl":{"start":{"line":2,"column":43},"end":{"line":2,"column":45}},"loc":{"start":{"line":2,"column":49},"end":{"line":2,"column":58}}}},"branchMap":{},"s":{"0":51,"1":51,"2":51,"3":2},"f":{"0":51,"1":51,"2":51},"b":{}}
}
