{"total": {"lines":{"total":27,"covered":27,"skipped":0,"pct":100},"statements":{"total":29,"covered":29,"skipped":0,"pct":100},"functions":{"total":11,"covered":11,"skipped":0,"pct":100},"branches":{"total":14,"covered":13,"skipped":0,"pct":92.86}}
,"/Users/donald/Project/async-parallel-foreach/src/async-parallel-foreach.ts": {"lines":{"total":26,"covered":26,"skipped":0,"pct":100},"functions":{"total":11,"covered":11,"skipped":0,"pct":100},"statements":{"total":26,"covered":26,"skipped":0,"pct":100},"branches":{"total":14,"covered":13,"skipped":0,"pct":92.86}}
,"/Users/donald/Project/async-parallel-foreach/src/index.ts": {"lines":{"total":1,"covered":1,"skipped":0,"pct":100},"functions":{"total":0,"covered":0,"skipped":0,"pct":100},"statements":{"total":3,"covered":3,"skipped":0,"pct":100},"branches":{"total":0,"covered":0,"skipped":0,"pct":100}}
}
