TN:
SF:/Users/donald/Project/async-parallel-foreach/src/TaskState.ts
FN:4,(anonymous_0)
FN:24,(anonymous_1)
FN:32,(anonymous_2)
FN:36,(anonymous_3)
FN:40,(anonymous_4)
FN:44,(anonymous_5)
FN:48,(anonymous_6)
FN:52,(anonymous_7)
FN:60,(anonymous_8)
FN:64,(anonymous_9)
FN:68,(anonymous_10)
FNF:11
FNH:11
FNDA:70,(anonymous_0)
FNDA:63,(anonymous_1)
FNDA:10,(anonymous_2)
FNDA:19,(anonymous_3)
FNDA:13,(anonymous_4)
FNDA:2,(anonymous_5)
FNDA:70,(anonymous_6)
FNDA:51,(anonymous_7)
FNDA:121,(anonymous_8)
FNDA:70,(anonymous_9)
FNDA:70,(anonymous_10)
DA:3,2
DA:5,70
DA:6,16
DA:8,54
DA:9,54
DA:10,52
DA:12,54
DA:13,3
DA:18,70
DA:20,70
DA:22,70
DA:24,70
DA:26,70
DA:28,70
DA:30,70
DA:33,10
DA:37,19
DA:41,13
DA:45,2
DA:49,70
DA:53,51
DA:54,8
DA:56,43
DA:61,121
DA:65,70
DA:69,70
LF:26
LH:26
BRDA:5,0,0,16
BRDA:5,0,1,54
BRDA:9,1,0,52
BRDA:9,1,1,2
BRDA:12,2,0,3
BRDA:12,2,1,51
BRDA:44,3,0,1
BRDA:49,4,0,70
BRDA:49,4,1,70
BRDA:53,5,0,8
BRDA:53,5,1,43
BRF:11
BRH:11
end_of_record
TN:
SF:/Users/donald/Project/async-parallel-foreach/src/async-parallel-foreach.ts
FN:5,asyncParallelForEach
FN:14,(anonymous_7)
FN:29,(anonymous_8)
FN:29,(anonymous_9)
FN:69,(anonymous_10)
FN:70,randomBetween
FN:71,randomBackoff
FN:76,exponential
FN:77,exponentialBackoff
FNF:9
FNH:9
FNDA:22,asyncParallelForEach
FNDA:22,(anonymous_7)
FNDA:70,(anonymous_8)
FNDA:70,(anonymous_9)
FNDA:2,(anonymous_10)
FNDA:1,randomBetween
FNDA:4,randomBackoff
FNDA:1,exponential
FNDA:4,exponentialBackoff
DA:1,2
DA:2,2
DA:3,2
DA:5,2
DA:14,22
DA:16,22
DA:18,22
DA:19,7
DA:22,22
DA:24,22
DA:26,22
DA:29,70
DA:31,70
DA:33,70
DA:36,70
DA:37,121
DA:38,121
DA:39,121
DA:40,51
DA:42,70
DA:43,70
DA:44,51
DA:46,19
DA:47,19
DA:51,70
DA:53,70
DA:54,51
DA:56,19
DA:58,70
DA:59,70
DA:60,70
DA:61,22
DA:69,2
DA:70,2
DA:71,1
DA:72,4
DA:76,2
DA:77,1
DA:79,4
LF:39
LH:39
BRDA:7,0,0,1
BRDA:9,1,0,13
BRDA:16,2,0,16
BRDA:16,2,1,6
BRDA:18,3,0,7
BRDA:18,3,1,15
BRDA:22,4,0,16
BRDA:22,4,1,6
BRDA:43,5,0,51
BRDA:43,5,1,19
BRDA:53,6,0,51
BRDA:53,6,1,19
BRDA:60,7,0,22
BRDA:60,7,1,48
BRDA:69,8,0,2
BRDA:69,8,1,2
BRF:16
BRH:16
end_of_record
TN:
SF:/Users/donald/Project/async-parallel-foreach/src/index.ts
FNF:0
FNH:0
DA:1,2
LF:1
LH:1
BRF:0
BRH:0
end_of_record
TN:
SF:/Users/donald/Project/async-parallel-foreach/src/utils.ts
FN:1,sleep
FN:2,(anonymous_1)
FN:2,(anonymous_2)
FNF:3
FNH:3
FNDA:51,sleep
FNDA:51,(anonymous_1)
FNDA:51,(anonymous_2)
DA:1,2
DA:2,51
LF:2
LH:2
BRF:0
BRH:0
end_of_record
