TN:
SF:/Users/donald/Project/async-parallel-foreach/src/async-parallel-foreach.ts
FN:3,asyncParallelForEach
FN:9,(anonymous_1)
FN:19,(anonymous_2)
FN:22,(anonymous_3)
FN:24,(anonymous_4)
FN:27,(anonymous_5)
FN:45,(anonymous_6)
FN:46,randomBetween
FN:47,randomBackoff
FN:52,exponential
FN:53,exponentialBackoff
FNF:11
FNH:11
FNDA:18,asyncParallelForEach
FNDA:18,(anonymous_1)
FNDA:62,(anonymous_2)
FNDA:100,(anonymous_3)
FNDA:45,(anonymous_4)
FNDA:62,(anonymous_5)
FNDA:1,(anonymous_6)
FNDA:1,randomBetween
FNDA:4,randomBackoff
FNDA:1,exponential
FNDA:4,exponentialBackoff
DA:1,1
DA:3,1
DA:9,18
DA:10,18
DA:11,18
DA:12,6
DA:14,18
DA:15,18
DA:16,18
DA:20,62
DA:23,100
DA:24,45
DA:28,62
DA:29,17
DA:31,45
DA:33,62
DA:34,62
DA:35,18
DA:37,62
DA:45,1
DA:46,1
DA:47,1
DA:48,4
DA:52,1
DA:53,1
DA:55,4
LF:26
LH:26
BRDA:5,0,0,0
BRDA:7,1,0,12
BRDA:10,2,0,12
BRDA:10,2,1,6
BRDA:11,3,0,6
BRDA:11,3,1,12
BRDA:14,4,0,12
BRDA:14,4,1,6
BRDA:28,5,0,17
BRDA:28,5,1,45
BRDA:34,6,0,18
BRDA:34,6,1,44
BRDA:45,7,0,1
BRDA:45,7,1,1
BRF:14
BRH:13
end_of_record
TN:
SF:/Users/donald/Project/async-parallel-foreach/src/index.ts
FNF:0
FNH:0
DA:1,1
LF:1
LH:1
BRF:0
BRH:0
end_of_record
